Using pre-set license
Built from '2020.3/staging' branch; Version is '2020.3.6f1 (338bb68529b2) revision 3378102'; Using compiler version '192528614'; Build Type 'Release'
OS: 'Windows 10 Home Single Language; OS build 19043.1526; Version 2009; 64bit' Language: 'en' Physical Memory: 7979 MB
BatchMode: 1, IsHumanControllingUs: 0, StartBugReporterOnCrash: 0, Is64bit: 1, IsPro: 0

 COMMAND LINE ARGUMENTS:
C:\Program Files\Unity\Hub\Editor\2020.3.6f1\Editor\Unity.exe
-adb2
-batchMode
-noUpm
-name
AssetImportWorker0
-projectPath
C:/Users/aditya/OneDrive/Desktop/firebalista1/window tag
-logFile
Logs/AssetImportWorker0.log
-srvPort
51092
Successfully changed project path to: C:/Users/aditya/OneDrive/Desktop/firebalista1/window tag
C:/Users/aditya/OneDrive/Desktop/firebalista1/window tag
Using Asset Import Pipeline V2.
Refreshing native plugins compatible for Editor in 21.64 ms, found 0 plugins.
Preloading 0 native plugins for Editor in 0.00 ms.
Initialize engine version: 2020.3.6f1 (338bb68529b2)
[Subsystems] Discovering subsystems at path C:/Program Files/Unity/Hub/Editor/2020.3.6f1/Editor/Data/Resources/UnitySubsystems
[Subsystems] Discovering subsystems at path C:/Users/aditya/OneDrive/Desktop/firebalista1/window tag/Assets
GfxDevice: creating device client; threaded=0
Direct3D:
    Version:  Direct3D 11.0 [level 11.1]
    Renderer: NVIDIA GeForce GTX 1650 Ti (ID=0x1f95)
    Vendor:   
    VRAM:     3962 MB
    Driver:   30.0.14.9649
Initialize mono
Mono path[0] = 'C:/Program Files/Unity/Hub/Editor/2020.3.6f1/Editor/Data/Managed'
Mono path[1] = 'C:/Program Files/Unity/Hub/Editor/2020.3.6f1/Editor/Data/MonoBleedingEdge/lib/mono/unityjit'
Mono config path = 'C:/Program Files/Unity/Hub/Editor/2020.3.6f1/Editor/Data/MonoBleedingEdge/etc'
Using monoOptions --debugger-agent=transport=dt_socket,embedding=1,server=y,suspend=n,address=127.0.0.1:56740
Begin MonoManager ReloadAssembly
Registering precompiled unity dll's ...
Register platform support module: C:/Program Files/Unity/Hub/Editor/2020.3.6f1/Editor/Data/PlaybackEngines/WebGLSupport/UnityEditor.WebGL.Extensions.dll
Register platform support module: C:/Program Files/Unity/Hub/Editor/2020.3.6f1/Editor/Data/PlaybackEngines/WindowsStandaloneSupport/UnityEditor.WindowsStandalone.Extensions.dll
Registered in 0.002430 seconds.
Native extension for WindowsStandalone target not found
Native extension for WebGL target not found
Refreshing native plugins compatible for Editor in 20.23 ms, found 0 plugins.
Preloading 0 native plugins for Editor in 0.00 ms.
Mono: successfully reloaded assembly
- Completed reload, in  1.114 seconds
Platform modules already initialized, skipping
Registering precompiled user dll's ...
Registered in 0.000859 seconds.
Begin MonoManager ReloadAssembly
Native extension for WindowsStandalone target not found
Native extension for WebGL target not found
Refreshing native plugins compatible for Editor in 0.18 ms, found 0 plugins.
Preloading 0 native plugins for Editor in 0.00 ms.
Mono: successfully reloaded assembly
- Completed reload, in  0.954 seconds
Platform modules already initialized, skipping
========================================================================
Worker process is ready to serve import requests
Launched and connected shader compiler UnityShaderCompiler.exe after 0.07 seconds
Refreshing native plugins compatible for Editor in 2.62 ms, found 0 plugins.
Preloading 0 native plugins for Editor in 0.00 ms.
Unloading 1116 Unused Serialized files (Serialized files now loaded: 0)
System memory in use before: 57.1 MB.
System memory in use after: 57.1 MB.

Unloading 10 unused Assets to reduce memory usage. Loaded Objects now: 1558.
Total: 3.255100 ms (FindLiveObjects: 0.358000 ms CreateObjectMapping: 0.265100 ms MarkObjects: 2.485900 ms  DeleteObjects: 0.144000 ms)

========================================================================
Received Import Request.
  path: Assets/Tutorial9Window.cs
  artifactKey: Guid(2ca0ea88db7563148bdd3e3bd497059c) Importer(815301076,1909f56bfc062723c751e8b465ee728b)
Start importing Assets/Tutorial9Window.cs using Guid(2ca0ea88db7563148bdd3e3bd497059c) Importer(815301076,1909f56bfc062723c751e8b465ee728b)  -> (artifact id: '16df63584fcb345cfc7a5f82733422d5') in 0.050278 seconds
  Import took 0.056980 seconds .

========================================================================
Received Prepare
Registering precompiled user dll's ...
Registered in 0.000717 seconds.
Begin MonoManager ReloadAssembly
Native extension for WindowsStandalone target not found
Native extension for WebGL target not found
Refreshing native plugins compatible for Editor in 0.21 ms, found 0 plugins.
Preloading 0 native plugins for Editor in 0.00 ms.
Mono: successfully reloaded assembly
- Completed reload, in  0.744 seconds
Platform modules already initialized, skipping
Refreshing native plugins compatible for Editor in 0.23 ms, found 0 plugins.
Preloading 0 native plugins for Editor in 0.00 ms.
Unloading 1111 Unused Serialized files (Serialized files now loaded: 0)
System memory in use before: 57.0 MB.
System memory in use after: 57.1 MB.

Unloading 5 unused Assets to reduce memory usage. Loaded Objects now: 1561.
Total: 1.819900 ms (FindLiveObjects: 0.135700 ms CreateObjectMapping: 0.036900 ms MarkObjects: 1.549700 ms  DeleteObjects: 0.096300 ms)

========================================================================
Received Prepare
Registering precompiled user dll's ...
Registered in 0.000716 seconds.
Begin MonoManager ReloadAssembly
Native extension for WindowsStandalone target not found
Native extension for WebGL target not found
Refreshing native plugins compatible for Editor in 0.19 ms, found 0 plugins.
Preloading 0 native plugins for Editor in 0.00 ms.
Mono: successfully reloaded assembly
- Completed reload, in  0.818 seconds
Platform modules already initialized, skipping
Refreshing native plugins compatible for Editor in 0.19 ms, found 0 plugins.
Preloading 0 native plugins for Editor in 0.00 ms.
Unloading 1111 Unused Serialized files (Serialized files now loaded: 0)
System memory in use before: 57.0 MB.
System memory in use after: 57.1 MB.

Unloading 5 unused Assets to reduce memory usage. Loaded Objects now: 1564.
Total: 1.483500 ms (FindLiveObjects: 0.135200 ms CreateObjectMapping: 0.041900 ms MarkObjects: 1.254800 ms  DeleteObjects: 0.050300 ms)

========================================================================
Received Prepare
Registering precompiled user dll's ...
Registered in 0.000868 seconds.
Begin MonoManager ReloadAssembly
Native extension for WindowsStandalone target not found
Native extension for WebGL target not found
Refreshing native plugins compatible for Editor in 0.22 ms, found 0 plugins.
Preloading 0 native plugins for Editor in 0.00 ms.
Mono: successfully reloaded assembly
- Completed reload, in  0.821 seconds
Platform modules already initialized, skipping
Refreshing native plugins compatible for Editor in 0.32 ms, found 0 plugins.
Preloading 0 native plugins for Editor in 0.00 ms.
Unloading 1111 Unused Serialized files (Serialized files now loaded: 0)
System memory in use before: 57.1 MB.
System memory in use after: 57.1 MB.

Unloading 5 unused Assets to reduce memory usage. Loaded Objects now: 1567.
Total: 2.174200 ms (FindLiveObjects: 0.217400 ms CreateObjectMapping: 0.048700 ms MarkObjects: 1.851900 ms  DeleteObjects: 0.054900 ms)

========================================================================
Received Prepare
Registering precompiled user dll's ...
Registered in 0.000765 seconds.
Begin MonoManager ReloadAssembly
Native extension for WindowsStandalone target not found
Native extension for WebGL target not found
Refreshing native plugins compatible for Editor in 0.23 ms, found 0 plugins.
Preloading 0 native plugins for Editor in 0.00 ms.
Mono: successfully reloaded assembly
- Completed reload, in  0.739 seconds
Platform modules already initialized, skipping
Refreshing native plugins compatible for Editor in 0.18 ms, found 0 plugins.
Preloading 0 native plugins for Editor in 0.00 ms.
Unloading 1111 Unused Serialized files (Serialized files now loaded: 0)
System memory in use before: 57.1 MB.
System memory in use after: 57.1 MB.

Unloading 5 unused Assets to reduce memory usage. Loaded Objects now: 1570.
Total: 1.420600 ms (FindLiveObjects: 0.130000 ms CreateObjectMapping: 0.035600 ms MarkObjects: 1.209400 ms  DeleteObjects: 0.044200 ms)

========================================================================
Received Prepare
Registering precompiled user dll's ...
Registered in 0.002051 seconds.
Begin MonoManager ReloadAssembly
Native extension for WindowsStandalone target not found
Native extension for WebGL target not found
Refreshing native plugins compatible for Editor in 0.22 ms, found 0 plugins.
Preloading 0 native plugins for Editor in 0.00 ms.
Mono: successfully reloaded assembly
- Completed reload, in  0.803 seconds
Platform modules already initialized, skipping
Refreshing native plugins compatible for Editor in 0.22 ms, found 0 plugins.
Preloading 0 native plugins for Editor in 0.00 ms.
Unloading 1111 Unused Serialized files (Serialized files now loaded: 0)
System memory in use before: 57.1 MB.
System memory in use after: 57.2 MB.

Unloading 5 unused Assets to reduce memory usage. Loaded Objects now: 1573.
Total: 1.737600 ms (FindLiveObjects: 0.217900 ms CreateObjectMapping: 0.083900 ms MarkObjects: 1.379600 ms  DeleteObjects: 0.053900 ms)

========================================================================
Received Import Request.
  Time since last request: 1326.763505 seconds.
  path: Assets/dot.prefab
  artifactKey: Guid(6c2958ea5e2190a419779139707b5bc8) Importer(815301076,1909f56bfc062723c751e8b465ee728b)
Start importing Assets/dot.prefab using Guid(6c2958ea5e2190a419779139707b5bc8) Importer(815301076,1909f56bfc062723c751e8b465ee728b)  -> (artifact id: 'a08ad0fac0b2ea44ae2f5a46df70d2be') in 0.108469 seconds
  Import took 0.111167 seconds .

========================================================================
Received Import Request.
  Time since last request: 25.746946 seconds.
  path: Assets/New Physics Material 2D.physicsMaterial2D
  artifactKey: Guid(edb47e97a08238244bc7c7028a4d36d7) Importer(815301076,1909f56bfc062723c751e8b465ee728b)
Start importing Assets/New Physics Material 2D.physicsMaterial2D using Guid(edb47e97a08238244bc7c7028a4d36d7) Importer(815301076,1909f56bfc062723c751e8b465ee728b)  -> (artifact id: '40abebf375dd60244c27360834e68118') in 0.014292 seconds
  Import took 0.018829 seconds .

========================================================================
Received Import Request.
  Time since last request: 12.517512 seconds.
  path: Assets/New Material.mat
  artifactKey: Guid(ba46d390985f53f4e9b8e61feb533bcf) Importer(815301076,1909f56bfc062723c751e8b465ee728b)
Start importing Assets/New Material.mat using Guid(ba46d390985f53f4e9b8e61feb533bcf) Importer(815301076,1909f56bfc062723c751e8b465ee728b)  -> (artifact id: '442770fd039d062d6952ebd559e05598') in 0.039883 seconds
  Import took 0.042544 seconds .

========================================================================
Received Import Request.
  Time since last request: 67.054660 seconds.
  path: Assets/dot.prefab
  artifactKey: Guid(6c2958ea5e2190a419779139707b5bc8) Importer(815301076,1909f56bfc062723c751e8b465ee728b)
Start importing Assets/dot.prefab using Guid(6c2958ea5e2190a419779139707b5bc8) Importer(815301076,1909f56bfc062723c751e8b465ee728b)  -> (artifact id: '29d6fc09ba0842091ea1c4a02d958fc7') in 0.014250 seconds
  Import took 0.017865 seconds .

========================================================================
Received Import Request.
  Time since last request: 0.016508 seconds.
  path: Assets/dot.prefab
  artifactKey: Guid(6c2958ea5e2190a419779139707b5bc8) Importer(815301076,1909f56bfc062723c751e8b465ee728b)
Start importing Assets/dot.prefab using Guid(6c2958ea5e2190a419779139707b5bc8) Importer(815301076,1909f56bfc062723c751e8b465ee728b)  -> (artifact id: '29d6fc09ba0842091ea1c4a02d958fc7') in 0.016748 seconds
  Import took 0.020979 seconds .

========================================================================
Received Import Request.
  Time since last request: 29486.888964 seconds.
  path: Assets/New Material.mat
  artifactKey: Guid(ba46d390985f53f4e9b8e61feb533bcf) Importer(815301076,1909f56bfc062723c751e8b465ee728b)
Start importing Assets/New Material.mat using Guid(ba46d390985f53f4e9b8e61feb533bcf) Importer(815301076,1909f56bfc062723c751e8b465ee728b)  -> (artifact id: '3209afb29ae25a0f1340a61ccd2589f2') in 0.148633 seconds
  Import took 0.203644 seconds .

AssetImportWorkerClient::OnTransportError - code=2 error=End of file
